[INFO] Scanning for projects...
[INFO] 
[INFO] ------------------------< com.planora:backend >-------------------------
[INFO] Building backend 0.0.1-SNAPSHOT
[INFO]   from pom.xml
[INFO] --------------------------------[ jar ]---------------------------------
[INFO] 
[INFO] >>> spring-boot:3.5.9:run (default-cli) > test-compile @ backend >>>
[INFO] 
[INFO] --- resources:3.3.1:resources (default-resources) @ backend ---
[INFO] Copying 3 resources from src\main\resources to target\classes
[INFO] Copying 13 resources from src\main\resources to target\classes
[INFO] 
[INFO] --- compiler:3.14.1:compile (default-compile) @ backend ---
[INFO] Nothing to compile - all classes are up to date.
[INFO] 
[INFO] --- resources:3.3.1:testResources (default-testResources) @ backend ---
[INFO] Copying 1 resource from src\test\resources to target\test-classes
[INFO] 
[INFO] --- compiler:3.14.1:testCompile (default-testCompile) @ backend ---
[INFO] Nothing to compile - all classes are up to date.
[INFO] 
[INFO] <<< spring-boot:3.5.9:run (default-cli) < test-compile @ backend <<<
[INFO] 
[INFO] 
[INFO] --- spring-boot:3.5.9:run (default-cli) @ backend ---
[INFO] Attaching agents: []

  .   ____          _            __ _ _
 /\\ / ___'_ __ _ _(_)_ __  __ _ \ \ \ \
( ( )\___ | '_ | '_| | '_ \/ _` | \ \ \ \
 \\/  ___)| |_)| | | | | || (_| |  ) ) ) )
  '  |____| .__|_| |_|_| |_\__, | / / / /
 =========|_|==============|___/=/_/_/_/

 :: Spring Boot ::                (v3.5.9)

2026-04-16T08:17:00.524+05:30  INFO 8208 --- [backend] [  restartedMain] com.planora.backend.BackendApplication   : Starting BackendApplication using Java 21.0.9 with PID 8208 (C:\Users\U S E R\Music\Updated-20260416T022528Z-3-001\Updated\project_management_app\backend\target\classes started by U S E R in C:\Users\U S E R\Music\Updated-20260416T022528Z-3-001\Updated\project_management_app\backend)
2026-04-16T08:17:00.524+05:30  INFO 8208 --- [backend] [  restartedMain] com.planora.backend.BackendApplication   : No active profile set, falling back to 1 default profile: "default"
2026-04-16T08:17:00.639+05:30  INFO 8208 --- [backend] [  restartedMain] .e.DevToolsPropertyDefaultsPostProcessor : Devtools property defaults active! Set 'spring.devtools.add-properties' to 'false' to disable
2026-04-16T08:17:00.639+05:30  INFO 8208 --- [backend] [  restartedMain] .e.DevToolsPropertyDefaultsPostProcessor : For additional web related logging consider setting the 'logging.level.web' property to 'DEBUG'
2026-04-16T08:17:03.026+05:30  INFO 8208 --- [backend] [  restartedMain] .s.d.r.c.RepositoryConfigurationDelegate : Bootstrapping Spring Data JPA repositories in DEFAULT mode.
2026-04-16T08:17:03.234+05:30  INFO 8208 --- [backend] [  restartedMain] .s.d.r.c.RepositoryConfigurationDelegate : Finished Spring Data repository scanning in 209 ms. Found 34 JPA repository interfaces.
2026-04-16T08:17:04.572+05:30  INFO 8208 --- [backend] [  restartedMain] o.s.b.w.embedded.tomcat.TomcatWebServer  : Tomcat initialized with port 8080 (http)
2026-04-16T08:17:04.604+05:30  INFO 8208 --- [backend] [  restartedMain] o.apache.catalina.core.StandardService   : Starting service [Tomcat]
2026-04-16T08:17:04.604+05:30  INFO 8208 --- [backend] [  restartedMain] o.apache.catalina.core.StandardEngine    : Starting Servlet engine: [Apache Tomcat/10.1.50]
2026-04-16T08:17:04.775+05:30  INFO 8208 --- [backend] [  restartedMain] o.a.c.c.C.[Tomcat].[localhost].[/]       : Initializing Spring embedded WebApplicationContext
2026-04-16T08:17:04.781+05:30  INFO 8208 --- [backend] [  restartedMain] w.s.c.ServletWebServerApplicationContext : Root WebApplicationContext: initialization completed in 4134 ms
2026-04-16T08:17:05.251+05:30  INFO 8208 --- [backend] [  restartedMain] com.zaxxer.hikari.HikariDataSource       : HikariPool-1 - Starting...
2026-04-16T08:17:09.000+05:30  INFO 8208 --- [backend] [  restartedMain] com.zaxxer.hikari.pool.HikariPool        : HikariPool-1 - Added connection org.postgresql.jdbc.PgConnection@48be2901
2026-04-16T08:17:09.004+05:30  INFO 8208 --- [backend] [  restartedMain] com.zaxxer.hikari.HikariDataSource       : HikariPool-1 - Start completed.
2026-04-16T08:17:09.922+05:30  INFO 8208 --- [backend] [  restartedMain] org.flywaydb.core.FlywayExecutor         : Database: jdbc:postgresql://aws-1-ap-southeast-1.pooler.supabase.com:6543/postgres?prepareThreshold=0&tcpKeepAlive=true&socketTimeout=30 (PostgreSQL 17.6)
2026-04-16T08:17:14.490+05:30  INFO 8208 --- [backend] [  restartedMain] o.f.core.internal.command.DbValidate     : Successfully validated 12 migrations (execution time 00:01.378s)
2026-04-16T08:17:18.618+05:30  INFO 8208 --- [backend] [  restartedMain] o.f.core.internal.command.DbMigrate      : Current version of schema "public": 12
2026-04-16T08:17:18.876+05:30  INFO 8208 --- [backend] [  restartedMain] o.f.core.internal.command.DbMigrate      : Schema "public" is up to date. No migration necessary.
2026-04-16T08:17:20.973+05:30  INFO 8208 --- [backend] [  restartedMain] o.hibernate.jpa.internal.util.LogHelper  : HHH000204: Processing PersistenceUnitInfo [name: default]
2026-04-16T08:17:21.040+05:30  INFO 8208 --- [backend] [  restartedMain] org.hibernate.Version                    : HHH000412: Hibernate ORM core version 6.6.39.Final
2026-04-16T08:17:21.084+05:30  INFO 8208 --- [backend] [  restartedMain] o.h.c.internal.RegionFactoryInitiator    : HHH000026: Second-level cache disabled
2026-04-16T08:17:21.812+05:30  INFO 8208 --- [backend] [  restartedMain] o.s.o.j.p.SpringPersistenceUnitInfo      : No LoadTimeWeaver setup: ignoring JPA class transformer
2026-04-16T08:17:23.767+05:30  INFO 8208 --- [backend] [  restartedMain] org.hibernate.orm.connections.pooling    : HHH10001005: Database info:
	Database JDBC URL [Connecting through datasource 'proxyDataSourceDecorator [net.ttddyy.dsproxy.support.ProxyDataSource] -> dataSource [com.zaxxer.hikari.HikariDataSource]']
	Database driver: undefined/unknown
	Database version: 17.6
	Autocommit mode: undefined/unknown
	Isolation level: undefined/unknown
	Minimum pool size: undefined/unknown
	Maximum pool size: undefined/unknown
2026-04-16T08:17:29.232+05:30  INFO 8208 --- [backend] [  restartedMain] o.h.e.t.j.p.i.JtaPlatformInitiator       : HHH000489: No JTA platform available (set 'hibernate.transaction.jta.platform' to enable JTA platform integration)
2026-04-16T08:17:30.948+05:30  INFO 8208 --- [backend] [  restartedMain] j.LocalContainerEntityManagerFactoryBean : Initialized JPA EntityManagerFactory for persistence unit 'default'
2026-04-16T08:17:32.697+05:30  INFO 8208 --- [backend] [  restartedMain] c.p.b.configuration.HikariRuntimeGuard   : Hikari runtime config resolved: maxPoolSize=12, minIdle=2, connectionTimeoutMs=20000, validationTimeoutMs=3000, maxLifetimeMs=540000, keepaliveTimeMs=30000
2026-04-16T08:17:33.032+05:30  INFO 8208 --- [backend] [  restartedMain] o.s.d.j.r.query.QueryEnhancerFactory     : Hibernate is in classpath; If applicable, HQL parser will be used.
2026-04-16T08:17:42.978+05:30  INFO 8208 --- [backend] [  restartedMain] eAuthenticationProviderManagerConfigurer : Global AuthenticationManager configured with AuthenticationProvider bean with name authenticationProvider
2026-04-16T08:17:42.978+05:30  WARN 8208 --- [backend] [  restartedMain] r$InitializeUserDetailsManagerConfigurer : Global AuthenticationManager configured with an AuthenticationProvider bean. UserDetailsService beans will not be used by Spring Security for automatically configuring username/password login. Consider removing the AuthenticationProvider bean. Alternatively, consider using the UserDetailsService in a manually instantiated DaoAuthenticationProvider. If the current configuration is intentional, to turn off this warning, increase the logging level of 'org.springframework.security.config.annotation.authentication.configuration.InitializeUserDetailsBeanManagerConfigurer' to ERROR
2026-04-16T08:17:46.776+05:30  INFO 8208 --- [backend] [  restartedMain] o.s.b.a.h2.H2ConsoleAutoConfiguration    : H2 console available at '/h2-console'. Database available at 'jdbc:postgresql://aws-1-ap-southeast-1.pooler.supabase.com:6543/postgres?prepareThreshold=0&tcpKeepAlive=true&socketTimeout=30'
2026-04-16T08:17:46.919+05:30  WARN 8208 --- [backend] [  restartedMain] o.s.b.d.a.OptionalLiveReloadServer       : Unable to start LiveReload server
2026-04-16T08:17:46.998+05:30  INFO 8208 --- [backend] [  restartedMain] o.s.m.s.b.SimpleBrokerMessageHandler     : Starting...
2026-04-16T08:17:46.998+05:30  INFO 8208 --- [backend] [  restartedMain] o.s.m.s.b.SimpleBrokerMessageHandler     : BrokerAvailabilityEvent[available=true, SimpleBrokerMessageHandler [org.springframework.messaging.simp.broker.DefaultSubscriptionRegistry@1f90de7a]]
2026-04-16T08:17:46.998+05:30  INFO 8208 --- [backend] [  restartedMain] o.s.m.s.b.SimpleBrokerMessageHandler     : Started.
2026-04-16T08:17:47.016+05:30  INFO 8208 --- [backend] [  restartedMain] o.s.m.s.b.SimpleBrokerMessageHandler     : Stopping...
2026-04-16T08:17:47.016+05:30  INFO 8208 --- [backend] [  restartedMain] o.s.m.s.b.SimpleBrokerMessageHandler     : BrokerAvailabilityEvent[available=false, SimpleBrokerMessageHandler [org.springframework.messaging.simp.broker.DefaultSubscriptionRegistry@1f90de7a]]
2026-04-16T08:17:47.016+05:30  INFO 8208 --- [backend] [  restartedMain] o.s.m.s.b.SimpleBrokerMessageHandler     : Stopped.
2026-04-16T08:17:47.016+05:30  WARN 8208 --- [backend] [  restartedMain] ConfigServletWebServerApplicationContext : Exception encountered during context initialization - cancelling refresh attempt: org.springframework.context.ApplicationContextException: Failed to start bean 'webServerStartStop'
2026-04-16T08:17:47.063+05:30  INFO 8208 --- [backend] [  restartedMain] j.LocalContainerEntityManagerFactoryBean : Closing JPA EntityManagerFactory for persistence unit 'default'
2026-04-16T08:17:47.072+05:30  INFO 8208 --- [backend] [  restartedMain] com.zaxxer.hikari.HikariDataSource       : HikariPool-1 - Shutdown initiated...
2026-04-16T08:17:48.000+05:30  INFO 8208 --- [backend] [  restartedMain] com.zaxxer.hikari.HikariDataSource       : HikariPool-1 - Shutdown completed.
2026-04-16T08:17:48.103+05:30  INFO 8208 --- [backend] [  restartedMain] .s.b.a.l.ConditionEvaluationReportLogger : 

Error starting ApplicationContext. To display the condition evaluation report re-run your application with 'debug' enabled.
2026-04-16T08:17:48.208+05:30 ERROR 8208 --- [backend] [  restartedMain] o.s.b.d.LoggingFailureAnalysisReporter   : 

***************************
APPLICATION FAILED TO START
***************************

Description:

Web server failed to start. Port 8080 was already in use.

Action:

Identify and stop the process that's listening on port 8080 or configure this application to listen on another port.

[INFO] ------------------------------------------------------------------------
[INFO] BUILD SUCCESS
[INFO] ------------------------------------------------------------------------
[INFO] Total time:  54.376 s
[INFO] Finished at: 2026-04-16T08:17:48+05:30
[INFO] ------------------------------------------------------------------------
